[2023-07-05 13:31:47,875] multiqc                                            [DEBUG  ]  This is MultiQC v1.14
[2023-07-05 13:31:47,879] multiqc                                            [DEBUG  ]  Loading config settings from: multiqc_config.yml
[2023-07-05 13:31:47,879] multiqc                                            [DEBUG  ]  New config: {'report_comment': 'This report has been generated by the <a href="https://github.com/nf-core/scrnaseq" target="_blank">nf-core/scrnaseq</a> analysis pipeline. For information about how to interpret these results, please see the <a href="https://nf-co.re/scrnaseq" target="_blank">documentation</a>.\n', 'report_section_order': {'nf-core-scrnaseq-methods-description': {'order': -1000}, 'software_versions': {'order': -1001}, 'nf-core-scrnaseq-summary': {'order': -1002}}, 'export_plots': True}
[2023-07-05 13:31:47,882] multiqc                                            [DEBUG  ]  Loading config settings from: multiqc_config.yml
[2023-07-05 13:31:47,882] multiqc                                            [DEBUG  ]  New config: {'report_comment': 'This report has been generated by the <a href="https://github.com/nf-core/scrnaseq" target="_blank">nf-core/scrnaseq</a> analysis pipeline. For information about how to interpret these results, please see the <a href="https://nf-co.re/scrnaseq" target="_blank">documentation</a>.\n', 'report_section_order': {'nf-core-scrnaseq-methods-description': {'order': -1000}, 'software_versions': {'order': -1001}, 'nf-core-scrnaseq-summary': {'order': -1002}}, 'export_plots': True}
[2023-07-05 13:31:47,882] multiqc                                            [DEBUG  ]  Command used: /usr/local/bin/multiqc --force --config multiqc_config.yml .
[2023-07-05 13:31:48,331] multiqc                                            [DEBUG  ]  Latest MultiQC version is v1.14
[2023-07-05 13:31:48,332] multiqc                                            [DEBUG  ]  Working dir : /localdata/nf_core/SingleCell/work/56/3636486e61c82b085a1db9d50343e3
[2023-07-05 13:31:48,332] multiqc                                            [DEBUG  ]  Template    : default
[2023-07-05 13:31:48,332] multiqc                                            [DEBUG  ]  Running Python 3.11.0 | packaged by conda-forge | (main, Oct 25 2022, 06:24:40) [GCC 10.4.0]
[2023-07-05 13:31:48,333] multiqc                                            [DEBUG  ]  Analysing modules: custom_content, ccs, ngsderive, purple, conpair, lima, peddy, somalier, methylQA, mosdepth, phantompeakqualtools, qualimap, preseq, hifiasm, quast, qorts, rna_seqc, rockhopper, rsem, rseqc, busco, bustools, goleft_indexcov, gffcompare, disambiguate, supernova, deeptools, sargasso, verifybamid, mirtrace, happy, mirtop, sambamba, gopeaks, homer, hops, macs2, theta2, snpeff, gatk, htseq, bcftools, featureCounts, fgbio, dragen, dragen_fastqc, dedup, pbmarkdup, damageprofiler, biobambam2, jcvi, mtnucratio, picard, vep, sentieon, prokka, qc3C, nanostat, samblaster, samtools, sexdeterrmine, eigenstratdatabasetools, bamtools, jellyfish, vcftools, longranger, stacks, varscan2, snippy, umitools, bbmap, bismark, biscuit, diamond, hicexplorer, hicup, hicpro, salmon, kallisto, slamdunk, star, hisat2, tophat, bowtie2, bowtie1, cellranger, snpsplit, odgi, pangolin, nextclade, humid, kat, leehom, adapterRemoval, bbduk, clipandmerge, cutadapt, flexbar, kaiju, kraken, malt, motus, trimmomatic, sickle, skewer, sortmerna, biobloomtools, fastq_screen, afterqc, fastp, fastqc, filtlong, prinseqplusplus, pychopper, porechop, pycoqc, minionqc, anglerfish, multivcfanalyzer, clusterflow, checkqc, bcl2fastq, bclconvert, interop, ivar, flash, seqyclean, optitype, whatshap
[2023-07-05 13:31:48,333] multiqc                                            [DEBUG  ]  Using temporary directory for creating report: /tmp/tmpn0jdfeq4
[2023-07-05 13:31:48,502] multiqc                                            [INFO   ]  Search path : /localdata/nf_core/SingleCell/work/56/3636486e61c82b085a1db9d50343e3
[2023-07-05 13:31:49,085] multiqc                                            [DEBUG  ]  Summary of files that were skipped by the search: [skipped_no_match: 8] // [skipped_module_specific_max_filesize: 5]
[2023-07-05 13:31:49,493] multiqc.plots.bargraph                             [DEBUG  ]  Using matplotlib version 3.6.2
[2023-07-05 13:31:49,494] multiqc.plots.linegraph                            [DEBUG  ]  Using matplotlib version 3.6.2
[2023-07-05 13:31:49,499] multiqc.modules.custom_content.custom_content      [INFO   ]  nf-core-scrnaseq-summary: Found 1 sample (html)
[2023-07-05 13:31:49,500] multiqc.modules.custom_content.custom_content      [INFO   ]  nf-core-scrnaseq-methods-description: Found 1 sample (html)
[2023-07-05 13:31:49,500] multiqc.modules.custom_content.custom_content      [INFO   ]  software_versions: Found 1 sample (html)
[2023-07-05 13:31:49,504] multiqc.modules.star.star                          [INFO   ]  Found 2 reports
[2023-07-05 13:31:50,588] multiqc.modules.fastqc.fastqc                      [INFO   ]  Found 6 reports
[2023-07-05 13:31:54,966] multiqc                                            [DEBUG  ]  Reordering sections: anchor 'nf-core-scrnaseq-methods-description' not found for module 'STAR'.
[2023-07-05 13:31:54,967] multiqc                                            [DEBUG  ]  Reordering sections: anchor 'software_versions' not found for module 'STAR'.
[2023-07-05 13:31:54,967] multiqc                                            [DEBUG  ]  Reordering sections: anchor 'nf-core-scrnaseq-summary' not found for module 'STAR'.
[2023-07-05 13:31:54,967] multiqc                                            [DEBUG  ]  Reordering sections: anchor 'nf-core-scrnaseq-methods-description' not found for module 'FastQC'.
[2023-07-05 13:31:54,967] multiqc                                            [DEBUG  ]  Reordering sections: anchor 'software_versions' not found for module 'FastQC'.
[2023-07-05 13:31:54,967] multiqc                                            [DEBUG  ]  Reordering sections: anchor 'nf-core-scrnaseq-summary' not found for module 'FastQC'.
[2023-07-05 13:31:54,967] multiqc                                            [DEBUG  ]  Reordering sections: anchor 'nf-core-scrnaseq-methods-description' not found for module 'nf-core/scrnaseq Methods Description'.
[2023-07-05 13:31:54,967] multiqc                                            [DEBUG  ]  Reordering sections: anchor 'software_versions' not found for module 'nf-core/scrnaseq Methods Description'.
[2023-07-05 13:31:54,967] multiqc                                            [DEBUG  ]  Reordering sections: anchor 'nf-core-scrnaseq-summary' not found for module 'nf-core/scrnaseq Methods Description'.
[2023-07-05 13:31:54,967] multiqc                                            [DEBUG  ]  Reordering sections: anchor 'nf-core-scrnaseq-methods-description' not found for module 'nf-core/scrnaseq Software Versions'.
[2023-07-05 13:31:54,967] multiqc                                            [DEBUG  ]  Reordering sections: anchor 'software_versions' not found for module 'nf-core/scrnaseq Software Versions'.
[2023-07-05 13:31:54,967] multiqc                                            [DEBUG  ]  Reordering sections: anchor 'nf-core-scrnaseq-summary' not found for module 'nf-core/scrnaseq Software Versions'.
[2023-07-05 13:31:54,967] multiqc                                            [DEBUG  ]  Reordering sections: anchor 'nf-core-scrnaseq-methods-description' not found for module 'nf-core/scrnaseq Workflow Summary'.
[2023-07-05 13:31:54,967] multiqc                                            [DEBUG  ]  Reordering sections: anchor 'software_versions' not found for module 'nf-core/scrnaseq Workflow Summary'.
[2023-07-05 13:31:54,967] multiqc                                            [DEBUG  ]  Reordering sections: anchor 'nf-core-scrnaseq-summary' not found for module 'nf-core/scrnaseq Workflow Summary'.
[2023-07-05 13:31:54,974] multiqc                                            [INFO   ]  Compressing plot data
[2023-07-05 13:31:55,008] multiqc                                            [INFO   ]  Report      : multiqc_report.html
[2023-07-05 13:31:55,008] multiqc                                            [INFO   ]  Data        : multiqc_data
[2023-07-05 13:31:55,009] multiqc                                            [DEBUG  ]  Moving data file from '/tmp/tmpn0jdfeq4/multiqc_data' to '/localdata/nf_core/SingleCell/work/56/3636486e61c82b085a1db9d50343e3/multiqc_data'
[2023-07-05 13:31:55,010] multiqc                                            [INFO   ]  Plots       : multiqc_plots
[2023-07-05 13:31:55,010] multiqc                                            [DEBUG  ]  Moving plots directory from '/tmp/tmpn0jdfeq4/multiqc_plots' to '/localdata/nf_core/SingleCell/work/56/3636486e61c82b085a1db9d50343e3/multiqc_plots'
[2023-07-05 13:31:55,077] multiqc                                            [INFO   ]  MultiQC complete
