                                 Started job on |	Jul 05 13:28:29
                             Started mapping on |	Jul 05 13:29:57
                                    Finished on |	Jul 05 13:31:28
       Mapping speed, Million of reads per hour |	4.95

                          Number of input reads |	125000
                      Average input read length |	91
                                    UNIQUE READS:
                   Uniquely mapped reads number |	15474
                        Uniquely mapped reads % |	12.38%
                          Average mapped length |	86.40
                       Number of splices: Total |	1566
            Number of splices: Annotated (sjdb) |	1244
                       Number of splices: GT/AG |	1371
                       Number of splices: GC/AG |	14
                       Number of splices: AT/AC |	0
               Number of splices: Non-canonical |	181
                      Mismatch rate per base, % |	2.62%
                         Deletion rate per base |	0.06%
                        Deletion average length |	1.83
                        Insertion rate per base |	0.06%
                       Insertion average length |	1.80
                             MULTI-MAPPING READS:
        Number of reads mapped to multiple loci |	2358
             % of reads mapped to multiple loci |	1.89%
        Number of reads mapped to too many loci |	411
             % of reads mapped to too many loci |	0.33%
                                  UNMAPPED READS:
  Number of reads unmapped: too many mismatches |	0
       % of reads unmapped: too many mismatches |	0.00%
            Number of reads unmapped: too short |	106547
                 % of reads unmapped: too short |	85.24%
                Number of reads unmapped: other |	210
                     % of reads unmapped: other |	0.17%
                                  CHIMERIC READS:
                       Number of chimeric reads |	0
                            % of chimeric reads |	0.00%
