                                 Started job on |	Jul 05 13:28:29
                             Started mapping on |	Jul 05 13:29:46
                                    Finished on |	Jul 05 13:31:05
       Mapping speed, Million of reads per hour |	4.56

                          Number of input reads |	100000
                      Average input read length |	90
                                    UNIQUE READS:
                   Uniquely mapped reads number |	14098
                        Uniquely mapped reads % |	14.10%
                          Average mapped length |	85.82
                       Number of splices: Total |	1393
            Number of splices: Annotated (sjdb) |	1118
                       Number of splices: GT/AG |	1242
                       Number of splices: GC/AG |	12
                       Number of splices: AT/AC |	0
               Number of splices: Non-canonical |	139
                      Mismatch rate per base, % |	2.51%
                         Deletion rate per base |	0.06%
                        Deletion average length |	1.85
                        Insertion rate per base |	0.06%
                       Insertion average length |	1.79
                             MULTI-MAPPING READS:
        Number of reads mapped to multiple loci |	2002
             % of reads mapped to multiple loci |	2.00%
        Number of reads mapped to too many loci |	353
             % of reads mapped to too many loci |	0.35%
                                  UNMAPPED READS:
  Number of reads unmapped: too many mismatches |	0
       % of reads unmapped: too many mismatches |	0.00%
            Number of reads unmapped: too short |	83377
                 % of reads unmapped: too short |	83.38%
                Number of reads unmapped: other |	170
                     % of reads unmapped: other |	0.17%
                                  CHIMERIC READS:
                       Number of chimeric reads |	0
                            % of chimeric reads |	0.00%
