STAR version=2.7.10b
STAR compilation time,server,dir=2022-11-01T09:53:26-04:00 :/home/dobin/data/STAR/STARcode/STAR.master/source
STAR git: On branch master ; commit c6f8efc2c7043ef83bf8b0d9bed36bbb6b9b1133 ; diff files: CHANGES.md 
##### Command Line:
STAR --genomeDir star --readFilesIn Sample_X_S1_L001_R2_001.fastq.gz Sample_X_S1_L001_R1_001.fastq.gz --runThreadN 2 --outFileNamePrefix Sample_X. --soloCBwhitelist /dev/fd/63 --soloType CB_UMI_Simple --soloFeatures Gene --soloUMIlen 10 --sjdbGTFfile GRCm38.p6.genome.chr19_genes.gtf --outSAMattrRGline ID:Sample_X CN:Broad_Institute SM:Sample_X --soloCellFilter CellRanger2.2 5000 0.99 10 --readFilesCommand zcat --runDirPerm All_RWX --outWigType bedGraph --twopassMode Basic --outSAMtype BAM SortedByCoordinate
##### Initial USER parameters from Command Line:
outFileNamePrefix                 Sample_X.
###### All USER parameters from Command Line:
genomeDir                     star     ~RE-DEFINED
readFilesIn                   Sample_X_S1_L001_R2_001.fastq.gz   Sample_X_S1_L001_R1_001.fastq.gz        ~RE-DEFINED
runThreadN                    2     ~RE-DEFINED
outFileNamePrefix             Sample_X.     ~RE-DEFINED
soloCBwhitelist               /dev/fd/63        ~RE-DEFINED
soloType                      CB_UMI_Simple     ~RE-DEFINED
soloFeatures                  Gene        ~RE-DEFINED
soloUMIlen                    10     ~RE-DEFINED
sjdbGTFfile                   GRCm38.p6.genome.chr19_genes.gtf     ~RE-DEFINED
outSAMattrRGline              ID:Sample_X   CN:Broad_Institute   SM:Sample_X        ~RE-DEFINED
soloCellFilter                CellRanger2.2   5000   0.99   10        ~RE-DEFINED
readFilesCommand              zcat        ~RE-DEFINED
runDirPerm                    All_RWX     ~RE-DEFINED
outWigType                    bedGraph        ~RE-DEFINED
twopassMode                   Basic     ~RE-DEFINED
outSAMtype                    BAM   SortedByCoordinate        ~RE-DEFINED
##### Finished reading parameters from all sources

##### Final user re-defined parameters-----------------:
runThreadN                        2
runDirPerm                        All_RWX
genomeDir                         star
readFilesIn                       Sample_X_S1_L001_R2_001.fastq.gz   Sample_X_S1_L001_R1_001.fastq.gz   
readFilesCommand                  zcat   
outFileNamePrefix                 Sample_X.
outSAMtype                        BAM   SortedByCoordinate   
outSAMattrRGline                  ID:Sample_X   CN:Broad_Institute   SM:Sample_X   
outWigType                        bedGraph   
sjdbGTFfile                       GRCm38.p6.genome.chr19_genes.gtf
twopassMode                       Basic
soloType                          CB_UMI_Simple
soloUMIlen                        10
soloCBwhitelist                   /dev/fd/63   
soloFeatures                      Gene   
soloCellFilter                    CellRanger2.2   5000   0.99   10   

-------------------------------
##### Final effective command line:
STAR   --runThreadN 2   --runDirPerm All_RWX   --genomeDir star   --readFilesIn Sample_X_S1_L001_R2_001.fastq.gz   Sample_X_S1_L001_R1_001.fastq.gz      --readFilesCommand zcat      --outFileNamePrefix Sample_X.   --outSAMtype BAM   SortedByCoordinate      --outSAMattrRGline ID:Sample_X   CN:Broad_Institute   SM:Sample_X      --outWigType bedGraph      --sjdbGTFfile GRCm38.p6.genome.chr19_genes.gtf   --twopassMode Basic   --soloType CB_UMI_Simple   --soloUMIlen 10   --soloCBwhitelist /dev/fd/63      --soloFeatures Gene      --soloCellFilter CellRanger2.2   5000   0.99   10   
----------------------------------------

Number of fastq files for each mate = 1

   Input read files for mate 1 :
-rw-r--r--    1 flb202   cbmr_xgg   4259756 Jul  5 13:27 Sample_X_S1_L001_R2_001.fastq.gz

   readsCommandsFile:
exec > "Sample_X._STARtmp/tmp.fifo.read1"
echo FILE 0
zcat      "Sample_X_S1_L001_R2_001.fastq.gz"


   Input read files for mate 2 :
-rw-r--r--    1 flb202   cbmr_xgg   1727503 Jul  5 13:27 Sample_X_S1_L001_R1_001.fastq.gz

   readsCommandsFile:
exec > "Sample_X._STARtmp/tmp.fifo.read2"
echo FILE 0
zcat      "Sample_X_S1_L001_R1_001.fastq.gz"

WARNING --outSAMattrRG defines a read group, therefore STAR will output RG attribute
ParametersSolo: --soloCellFilterType CellRanger2.2 filtering parameters:  5000 0.99 10
Number of CBs in the whitelist = 737280
Jul 05 13:28:29 ... Finished reading, sorting and deduplicating CB whitelist sequences.
WARNING: --limitBAMsortRAM=0, will use genome size as RAM limit for BAM sorting
Finished loading and checking parameters
Reading genome generation parameters:
### STAR   --runMode genomeGenerate      --runThreadN 2   --genomeDir star/   --genomeFastaFiles GRCm38.p6.genome.chr19.fa      --genomeSAindexNbases 12   --limitGenomeGenerateRAM 6342450944   --sjdbGTFfile GRCm38.p6.genome.chr19_genes.gtf
### GstrandBit=32
versionGenome                 2.7.4a     ~RE-DEFINED
genomeType                    Full     ~RE-DEFINED
genomeFastaFiles              GRCm38.p6.genome.chr19.fa        ~RE-DEFINED
genomeSAindexNbases           12     ~RE-DEFINED
genomeChrBinNbits             18     ~RE-DEFINED
genomeSAsparseD               1     ~RE-DEFINED
genomeTransformType           None     ~RE-DEFINED
genomeTransformVCF            -     ~RE-DEFINED
sjdbOverhang                  100     ~RE-DEFINED
sjdbFileChrStartEnd           -        ~RE-DEFINED
sjdbGTFfile                   GRCm38.p6.genome.chr19_genes.gtf     ~RE-DEFINED
sjdbGTFchrPrefix              -     ~RE-DEFINED
sjdbGTFfeatureExon            exon     ~RE-DEFINED
sjdbGTFtagExonParentTranscripttranscript_id     ~RE-DEFINED
sjdbGTFtagExonParentGene      gene_id     ~RE-DEFINED
sjdbInsertSave                Basic     ~RE-DEFINED
genomeFileSizes               63222895   493489065        ~RE-DEFINED
Genome version is compatible with current STAR
Number of real (reference) chromosomes= 1
1	chr19	61431566	0
--sjdbOverhang = 100 taken from the generated genome
Started loading the genome: Wed Jul  5 13:28:29 2023

Genome: size given as a parameter = 63222895
SA: size given as a parameter = 493489065
SAindex: size given as a parameter = 1
Read from SAindex: pGe.gSAindexNbases=12  nSAi=22369620
nGenome=63222895;  nSAbyte=493489065
GstrandBit=32   SA number of indices=119633712
Shared memory is not used for genomes. Allocated a private copy of the genome.
Genome file size: 63222895 bytes; state: good=1 eof=0 fail=0 bad=0
Loading Genome ... done! state: good=1 eof=0 fail=0 bad=0; loaded 63222895 bytes
SA file size: 493489065 bytes; state: good=1 eof=0 fail=0 bad=0
Loading SA ... done! state: good=1 eof=0 fail=0 bad=0; loaded 493489065 bytes
Loading SAindex ... done: 97867203 bytes
Finished loading the genome: Wed Jul  5 13:28:29 2023

Processing splice junctions database sjdbN=8055,   pGe.sjdbOverhang=100 
alignIntronMax=alignMatesGapMax=0, the max intron size will be approximately determined by (2^winBinNbits)*winAnchorDistNbins=589824
Jul 05 13:28:29   Loaded database junctions from the generated genome star//sjdbList.out.tab: 8055 total junctions

Jul 05 13:28:29 ..... processing annotations GTF
Processing pGe.sjdbGTFfile=GRCm38.p6.genome.chr19_genes.gtf, found:
		2985 transcripts
		20581 exons (non-collapsed)
		8060 collapsed junctions
Total junctions: 16115
Jul 05 13:28:29 ..... finished GTF processing

Jul 05 13:28:29   Finished preparing junctions
Jul 05 13:28:29 ..... inserting junctions into the genome indices
Jul 05 13:28:29   Finished SA search: number of new junctions=0, old junctions=8055
Jul 05 13:28:29   Finished sorting SA indicesL nInd=0
Genome size with junctions=63222895  61603840   1619055
GstrandBit1=32   GstrandBit=32
Jul 05 13:28:30   Finished inserting junction indices
Jul 05 13:28:31   Finished SAi
Jul 05 13:28:31 ..... finished inserting junctions into genome
Created thread # 1
Starting to map file # 0
mate 1:   Sample_X_S1_L001_R2_001.fastq.gz
mate 2:   Sample_X_S1_L001_R1_001.fastq.gz
Thread #1 end of input stream, nextChar=-1
Completed: thread #1
Completed: thread #0
Joined thread # 1
Jul 05 13:29:44   Loaded database junctions from the 1st pass file: Sample_X._STARpass1//SJ.out.tab: 16393 total junctions

Jul 05 13:29:44   Finished preparing junctions
Jul 05 13:29:44 ..... inserting junctions into the genome indices
Jul 05 13:29:44   Finished SA search: number of new junctions=174, old junctions=8055
Jul 05 13:29:44   Finished sorting SA indicesL nInd=69600
Genome size with junctions=63257869  61603840   1654029
GstrandBit1=32   GstrandBit=32
Jul 05 13:29:46   Finished inserting junction indices
Jul 05 13:29:46   Finished SAi
Jul 05 13:29:46 ..... finished inserting junctions into genome

   Input read files for mate 1 :
-rw-r--r--    1 flb202   cbmr_xgg   4259756 Jul  5 13:27 Sample_X_S1_L001_R2_001.fastq.gz

   readsCommandsFile:
exec > "Sample_X._STARtmp/tmp.fifo.read1"
echo FILE 0
zcat      "Sample_X_S1_L001_R2_001.fastq.gz"


   Input read files for mate 2 :
-rw-r--r--    1 flb202   cbmr_xgg   1727503 Jul  5 13:27 Sample_X_S1_L001_R1_001.fastq.gz

   readsCommandsFile:
exec > "Sample_X._STARtmp/tmp.fifo.read2"
echo FILE 0
zcat      "Sample_X_S1_L001_R1_001.fastq.gz"

Loaded transcript database, nTr=2985
Loaded exon database, nEx=20581
Created thread # 1
Starting to map file # 0
mate 1:   Sample_X_S1_L001_R2_001.fastq.gz
mate 2:   Sample_X_S1_L001_R1_001.fastq.gz
Thread #1 end of input stream, nextChar=-1
BAM sorting: 7466 mapped reads
BAM sorting bins genomic start loci:
1	0	3900973
2	0	5258973
3	0	5801287
4	0	5802012
5	0	5802119
6	0	5802529
7	0	5802610
8	0	5802611
9	0	5941182
10	0	6058565
11	0	6977142
12	0	7727114
13	0	8806493
14	0	9083727
15	0	9085186
16	0	9097383
17	0	10202446
18	0	11198473
19	0	11198500
20	0	12847014
21	0	15193600
22	0	15193847
23	0	16225282
24	0	16716085
25	0	19736612
26	0	23619966
27	0	25210642
28	0	28742172
29	0	28862155
30	0	29003718
31	0	30531566
32	0	32466164
33	0	35194831
34	0	37295219
35	0	37413656
36	0	40282706
37	0	41903056
38	0	43007483
39	0	45339668
40	0	45451154
41	0	46205328
42	0	48964910
43	0	50030237
44	0	52991435
45	0	54823165
46	0	57079689
47	0	58790369
48	0	60033962
Completed: thread #1
Completed: thread #0
Joined thread # 1
Jul 05 13:31:02 ..... finished mapping
RAM after mapping:
VmPeak:	 5053612 kB; VmSize:	 5005760 kB; VmHWM:	 2189892 kB; VmRSS:	 2185944 kB; 
RAM after freeing genome index memory:
VmPeak:	 5053612 kB; VmSize:	  735168 kB; VmHWM:	 2189892 kB; VmRSS:	  577884 kB; 
Jul 05 13:31:02 ..... started Solo counting
Jul 05 13:31:02 ... Starting Solo post-map for Gene
Jul 05 13:31:02 ... Finished allocating arrays for Solo 5.96121e-05 GiB
Jul 05 13:31:02 ... Finished reading reads from Solo files nCB=4057, nReadPerCBmax=26, yesWLmatch=0
RAM for solo feature Gene
VmPeak:	 5053612 kB; VmSize:	  752524 kB; VmHWM:	 2189892 kB; VmRSS:	  595084 kB; 
Jul 05 13:31:02 ... Finished collapsing UMIs
Jul 05 13:31:02 ... Solo: writing raw matrix
Solo output directory directory created: Sample_X.Solo.out/Gene//raw/
Jul 05 13:31:03 ... Solo: cell filtering
cellFiltering: simple: nUMImax=8; nUMImin=1; nCellsSimple=3997
Solo output directory directory created: Sample_X.Solo.out/Gene/filtered/
RAM after completing solo:
VmPeak:	 5053612 kB; VmSize:	  752524 kB; VmHWM:	 2189892 kB; VmRSS:	  595196 kB; 
Jul 05 13:31:03 ..... finished Solo counting
Jul 05 13:31:03 ..... started sorting BAM
Max memory needed for sorting = 190700
Jul 05 13:31:03 ..... started wiggle output
ALL DONE!
